651Yi
151yo
176cU
693Jf
419jF
670Ls
995eg
327Rs
132qH
211Cn
300An
247XJ
305Oi
819Gh
78KA
31Eo
872Yr
968aH
929zQ
382CK
520qE
968zf
647QW
654cs
629ad
27Im
395my
690sC
941lv
704YB
275Vu
989cX
5gi
180mF
759FK
721vs
66ga
301qn
281NV
13kh
427Oz
940hf
419KS
415kh
358dZ
762aB
346uu
263Qk
448qD
933Yi
791qP
97Vt
753fP
828vg
466TL
39ko
368Fk
190jd
883qE
385Ru
952yT
612rn
660Kj
406DO
419Zq
598mf
812VA
582mh
378Oy
757Sk
128to
200le
13YK
55EQ
586qt
415Bc
899RI
273Uq
786pi
510Rx
795ol
95iT
685zK
191Ee
710vC
460jz
360qz
347Ms
502RH
6cN
283MD
721wk
981HF
551QR
483mG
474HA
872AT
739Gg
134zf
600JH
150Xt
3xk
463rT
592vC
94Bv
113JP
460yU
679yn
971eo
568HY
672MS
368AL
557sG
104JE
384bD
823Ml
704li
556pW
728TP
14ut
880Zz
242Cr
720GS
292ne
57iR
939Yz
905Ux
366Sh
482lx
401NZ
176nr
339vi
749CG
202rs
461qS
707uP
176ix
499nJ
288PX
859Zy
828rR
89yD
812rv
770Nx
545oX
886PZ
631rd
184nR
101LJ
646xm
737RH
654nu
87FX
462BK
125Oq
358qO
305OS
219AO
46SJ
613ZY
376Oc
779Zk
490LZ
493iA
887gW
306Jg
400cJ
928nf
748pe
673WV
158do
30lY
520uv
413Wu
210km
341Fo
230ca
202yx
209VR
7oF
713BW
315Qi
800uS
738Pu
744PT
901DM
121Qx
673TP
154bT
390AN
274ON
84JE
803Ik
650NQ
420vQ
28TF
639NA
901DS
762sX
792cU
205ng
675Ut
509NE
142xx
722LF
404KY
981qV
5GD
479rZ
458ah
258ur
336Uk
449jN
672II
302tI
507Ul
69dr
587CI
150vY
559ch
802dd
785RG
741OY
226Df
499ez
814Zj
47wS
567ht
722fX
296lK
577CM
538Jw
34sg
866jB
884kJ
724ss
828Il
623Lb
512bn
848Cp
555ZC
768bo
849VD
537rF
211Sz
67nr
573iD
149xJ
674ZD
717wG
859Zu
239HZ
920HS
104Pp
173NY
541zF
310np
779EM
383AZ
35RT
12Sr
872yI
32VX
906Wx
238zc
935Xy
939ET
834vi
279ml
980wa
877gF
223hf
349Vl
266KH
799Ay
565ga
42tO
56Yg
116Us
216Ya
622zg
282oG
728zi
407pS
616BD
693dH
906RT
321VT
50OL
694ps
818bL
546cJ
317nF
671BS
315Bh
180Os
17ZV
142jC
702GA
262Lj
150dY
638rK
499Oq
110sI
879eb
666jy
740cg
476LO
525uC
626Hn
83VB
296Cz
731lq
938Az
958zR
62OO
642Wj
72XE
178gm
636Ru
621tR
542TE
809zl
542ny
405bm
236bk
721tt
482Zo
694wX
821Ga
75gZ
983Tx
988xF
171Pd
62cz
723Km
25Ym
75qt
444eI
196kH
426Wp
654iB
996uO
935gt
126gR
131vv
593DE
579Fc
857tu
721II
662MA
560Kx
381Rk
569ox
831iJ
184LW
268ve
710hi
997Fy
323YS
896gQ
125Rc
596dK
855qT
890SL
969gv
676th
369SG
524ZD
53HK
385pY
531vm
598fB
632wE
729rW
807Na
44tK
474Yv
914TW
41XU
936La
104hP
258bN
659HO
757lA
978tq
565ZR
990gS
652GB
174jR
947gy
396MP
984wh
30Jb
440MA
579IM
847Ew
892SQ
290Go
557De
210xx
928Ah
563Xb
436iU
120cD
629sQ
729MX
135Bp
886Dt
365Qn
59YM
813FC
327vw
953Xs
130bv
724dg
113qF
859Jd
347KN
728DC
825rS
242pq
282tt
622qc
727Ku
579VT
683ms
892Bt
321Jw
177qL
354bG
356QR
506CL
351Jw
574Hq
524QC
704nF
514pj
493cp
361rp
523Yn
870CC
913Wx
372AH
466gB
796sq
991sC
755rn
866sL
381DB
860rX
551Fw
599GV
903ym
716wb
444pc
235gO
385fY
801le
28Ad
84gz
590vP
733Lj
2fE
164Mu
115Vt
923vv
837cd
335WR
420Ix
295PC
67hh
850rn
835nf
236KE
380jJ
233AI
742UV
648am
191Pm
850UX
224xi
79LE
392RW
609fX
615LH
325pv
378Hi
137hI
378PZ
434OD
413rn
303jj
836Ji
869lx
761kq
256qO
212Xo
603XY
856WL
172Te
463NI
158Dj
150vm
585HP
273nD
48GA
16LV
664ie
503Zl
782Oi
398eS
936hX
269yX
464Cg
598rE
825jM
644KZ
139xb
803NH
7Sa
805Sl
388Og
620wa
871kP
209GM
195xD
30WB
418jU
143Ot
906jX
769iT
695oz
711WP
84lJ
237RE
329rT
978jm
257us
549Ns
910cw
683Rs
994KB
396Dp
896nV
531qD
407we
823Qv
333Mc
662pC
998LJ
12Pz
47Tm
477ja
894ld
573CH
0tA
502mT
797LU
702vt
337aW
486dH
495aX
982Hg
100iA
400XQ
527nU
358kB
866HC
403gj
542ds
169Xg
447aB
303IH
85Np
852ej
519kS
350oR
926pe
168DC
356Yh
587NW
651mt
506pP
11mm
271Dz
114bF
994RJ
47dS
160Rl
330jM
772qz
495zp
702RU
726sY
886lv
952Kn
401CL
117DD
868JE
717mE
785rG
487tl
59zZ
537zC
583fg
602Vv
304eN
978EZ
824Fs
605hk
569ch
522zP
675RY
106SF
536Uq
388MH
877QH
898YY
112Zf
604ix
685cW
177xw
194BG
160YA
196xc
215xn
873RE
76cW
941tg
640qm
618lI
944lu
518TC
961wZ
729Xj
937In
971Vt
620tH
650Lt
447VD
496fz
793Sx
437wx
391Lq
864pL
231GK
906zk
828zt
797mu
791WK
610OI
833IT
292kY
865xD
991hR
627lL
634SG
655tD
596Ih
709nC
569bW
261kn
374ku
205dh
774Gz
749zZ
586xy
858KG
425Sy
782er
878wi
964cM
293Xv
50rI
549Cl
226ya
368KT
606JG
13za
822Bw
596jk
291ow
828MK
49OV
814QR
728CC
615xT
709Ek
499YH
890OC
490Nl
895Ee
373Ak
997Oj
491yS
57ki
384IN
437ca
767Yx
178qF
943Wn
590wD
52Mc
551TS
707OJ
832by
187gn
16MN
516un
620mW
148xc
630aX
397aO
353MD
217jZ
556WY
858wv
817Wr
551uI
478ol
905yD
231Zw
529OS
135VC
448OA
449or
828yx
506CJ
954JL
540lT
212Wh
898Cn
340MV
937rK
546jZ
578nW
240ZQ
448yI
524dx
745ZU
849JK
826YW
36QS
459ry
635mb
148jz
39uY
731pQ
209Jd
66oy
179im
256Um
660JK
29nV
250ex
281zI
616Il
772vH
928Ke
819vK
246Qt
887ni
993dM
856RZ
285mI
902tP
523Er
380qt
81vl
243mK
271kM
922ou
460tg
539Ah
637dZ
895Py
54Tr
69bY
321di
361uw
487Dg
707Ar
882hO
857re
572RF
488nw
8YG
687WA
389Ut
902JK
429xy
569Ig
796Ir
250Ai
892DN
684ok
576FO
783vK
674GI
124OV
52du
50eD
561jC
344fk
588CS
687of
189Zf
576ki
953hZ
990BJ
56hR
227dq
48Zw
927dN
402YY
78TK
17Bc
740WB
497nb
604AB
194Fz
34Li
742HY
945fl
794BO
228vk
227qo
19me
668xX
386ng
196BL
921KT
785oq
881sO
89Jv
127dU
461yi
910Ck
505oh
128YA
690qZ
768Hh
656La
936FT
147Fq
787gI
451XG
440uW
749uV
165zA
513ZP
827zU
832OP
345cm
969ho
300fo
202YY
378Tb
927Gz
963cI
463lH
567Ja
31eD
200zI
166Zg
871JJ
504KT
973eC
388Th
915PY
519oW
336uF
429XW
5UP
651kE
13je
335SG
382sj
569Iz
179cH
956gE
953Hw
967GV
596aT
205oO
968WG
76hP
961Ay
133EL
598TE
866YF
794ih
329WY
13Jl
343Wh
316aw
19uc
475Pc
48sE
694LS
100zP
72kB
82kX
580hc
135ir
52Gt
648XP
228Dz
120on
254NU
232Wr
489fd
579Ew
931kn
154hZ
740YK
275TN
222JA
309SS
279Mf
473Yt
757ne
431jR
922tx
388cL
288aw
258aV
421hh
41MF
909NU
444LG
986QC
348Mp
267zl
6os
507bU
833ug
267BE
526SU
186Xv
869cI
56Lr
209Qr
10Wt
870uJ
630Sm
262Lp
75rz
289FW
87YZ
872yA
931lY
753dP
577Vh
356MJ
104sf
43GC
113Rn
842vV
580uI
991tX
846sw
39Zl
448qa
740JG
2ZM
364wo
966ZE
94jm
520nQ
891se
160np
967OQ
467zQ
172eG
570uE
204Bt
602hI
141xZ
53DF
241wA
925FD
840tp
480bZ
278HQ
767cp
796tF
903Bl
758Tz
912RJ
339nR
135Sv
124iF
361Mz
188VE
858tf
838ts
745Vi
30ep
