qweehiqwehuqih
Longest Palindrome : ee
qwewqweqhin
Longest Palindrome : ewqwe
asdnkasjdnjnnnnaksjd
Longest Palindrome : nnnn
annnndandnand
Longest Palindrome : andna
anananananansdnnnannannnanananananananana
Longest Palindrome : nanananananananan
kqlejqooooowieiqiweuewqpqpqpwpepqwpeoqe
Longest Palindrome : ooooo
asdnasndnnnmamda,qweoqiwepoqiwepqiwepqowiepqwepoqwekqeqkweqnwejnqwjeqkw
Longest Palindrome : kqeqk
sdnakjnnndjasnduquunqeqjwenqne,qwenqwneqkenqkwjenqjweiquwehqwenqkwjenqkwenqiweb
Longest Palindrome : enqne
adiabsdbaksdnqibeqowenqiwbrqbwriqwbrhwebuebfbehfbejdbfiwnr1nrnfjenjngiergniergnerg
Longest Palindrome : ebfbe
asjdbqubrqbeiqwjqiwneqiwneiqwneiqubwequwbwbfqbfhfbbfbfbfbfqbfbqifqifbqibfiqbfiqbfhbrbfrbfhrbf
Longest Palindrome : bfbfbfb
qbbhbqhqhbwjbbbqhdbqbwbebbqhwebqweqbejbqebbbbebwbwbebbqbqbqbweqiqiueueoqoqowiejoqooqwoei
Longest Palindrome : bbebwbwbebb
asdjqoeqjweoqjwkkkwkejqowejqoejqejoqjeoqhjughbfbbjehakhdiauhdiqnnoaidoqweoqeqojeqojeoqiwjeoqiwje
Longest Palindrome : wkkkw
